<?xml version="1.0" encoding="UTF-8"?>
<testng-results ignored="0" total="18" passed="17" failed="1" skipped="0">
  <reporter-output>
  </reporter-output>
  <suite started-at="2022-06-23T14:20:05 EET" name="Default suite" finished-at="2022-06-23T14:26:41 EET" duration-ms="395737">
    <groups>
      <group name="cucumber">
        <method signature="AbstractTestNGCucumberTests.runScenario(io.cucumber.testng.PickleWrapper,io.cucumber.testng.FeatureWrapper)[pri:0, instance:com.automation.runners.TestRunner@2e385cce]" name="runScenario" class="io.cucumber.testng.AbstractTestNGCucumberTests"/>
      </group> <!-- cucumber -->
    </groups>
    <test started-at="2022-06-23T14:20:05 EET" name="Default test" finished-at="2022-06-23T14:26:41 EET" duration-ms="395737">
      <class name="com.automation.runners.TestRunner">
        <test-method is-config="true" signature="setUpClass(org.testng.ITestContext)[pri:0, instance:com.automation.runners.TestRunner@2e385cce]" started-at="2022-06-23T14:20:05 EET" name="setUpClass" finished-at="2022-06-23T14:20:11 EET" duration-ms="6392" status="PASS">
          <params>
            <param index="0">
              <value>
                <![CDATA[org.testng.TestRunner@2c9430c6]]>
              </value>
            </param>
          </params>
          <reporter-output>
          </reporter-output>
        </test-method> <!-- setUpClass -->
        <test-method signature="runScenario(io.cucumber.testng.PickleWrapper,io.cucumber.testng.FeatureWrapper)[pri:0, instance:com.automation.runners.TestRunner@2e385cce]" started-at="2022-06-23T14:20:11 EET" name="runScenario" description="Runs Cucumber Scenarios" data-provider="scenarios" finished-at="2022-06-23T14:20:20 EET" duration-ms="8915" status="PASS">
          <params>
            <param index="0">
              <value>
                <![CDATA["User should be able to register with valid username and password"]]>
              </value>
            </param>
            <param index="1">
              <value>
                <![CDATA["F01_register | User could register with valid data"]]>
              </value>
            </param>
          </params>
          <reporter-output>
          </reporter-output>
        </test-method> <!-- runScenario -->
        <test-method signature="runScenario(io.cucumber.testng.PickleWrapper,io.cucumber.testng.FeatureWrapper)[pri:0, instance:com.automation.runners.TestRunner@2e385cce]" started-at="2022-06-23T14:20:20 EET" name="runScenario" description="Runs Cucumber Scenarios" data-provider="scenarios" finished-at="2022-06-23T14:20:26 EET" duration-ms="6108" status="PASS">
          <params>
            <param index="0">
              <value>
                <![CDATA["user could login with valid email and password"]]>
              </value>
            </param>
            <param index="1">
              <value>
                <![CDATA["F02_login | users could use login functionality to open their accounts"]]>
              </value>
            </param>
          </params>
          <reporter-output>
          </reporter-output>
        </test-method> <!-- runScenario -->
        <test-method signature="runScenario(io.cucumber.testng.PickleWrapper,io.cucumber.testng.FeatureWrapper)[pri:0, instance:com.automation.runners.TestRunner@2e385cce]" started-at="2022-06-23T14:20:26 EET" name="runScenario" description="Runs Cucumber Scenarios" data-provider="scenarios" finished-at="2022-06-23T14:21:27 EET" duration-ms="61130" status="FAIL">
          <params>
            <param index="0">
              <value>
                <![CDATA["User can use "Follow us" with "facebook""]]>
              </value>
            </param>
            <param index="1">
              <value>
                <![CDATA["F02_login | users could use login functionality to open their accounts"]]>
              </value>
            </param>
          </params>
          <exception class="java.lang.AssertionError">
            <message>
              <![CDATA[InCorrect URL expected [https://www.facebook.com/nopCommerce] but found [https://web.facebook.com/nopCommerce?_rdc=1&_rdr]]]>
            </message>
            <full-stacktrace>
              <![CDATA[java.lang.AssertionError: InCorrect URL expected [https://www.facebook.com/nopCommerce] but found [https://web.facebook.com/nopCommerce?_rdc=1&_rdr]
at org.testng.Assert.fail(Assert.java:110)
at org.testng.Assert.failNotEquals(Assert.java:1413)
at org.testng.Assert.assertEqualsImpl(Assert.java:149)
at org.testng.Assert.assertEquals(Assert.java:131)
at org.testng.Assert.assertEquals(Assert.java:655)
at com.automation.step_definitions.Login.navigatedSuccessfully(Login.java:50)
at ✽."https://www.facebook.com/nopCommerce" opened successfully(file:///C:/Users/Administrator/Downloads/E-Commerce%20Automation-Test/E-Commerce%20Automation-Test/src/main/resources/features/F02_login.feature:12)
]]>
            </full-stacktrace>
          </exception> <!-- java.lang.AssertionError -->
          <reporter-output>
          </reporter-output>
        </test-method> <!-- runScenario -->
        <test-method signature="runScenario(io.cucumber.testng.PickleWrapper,io.cucumber.testng.FeatureWrapper)[pri:0, instance:com.automation.runners.TestRunner@2e385cce]" started-at="2022-06-23T14:21:27 EET" name="runScenario" description="Runs Cucumber Scenarios" data-provider="scenarios" finished-at="2022-06-23T14:22:23 EET" duration-ms="55349" status="PASS">
          <params>
            <param index="0">
              <value>
                <![CDATA["User can use "Follow us" with "twitter""]]>
              </value>
            </param>
            <param index="1">
              <value>
                <![CDATA["F02_login | users could use login functionality to open their accounts"]]>
              </value>
            </param>
          </params>
          <reporter-output>
          </reporter-output>
        </test-method> <!-- runScenario -->
        <test-method signature="runScenario(io.cucumber.testng.PickleWrapper,io.cucumber.testng.FeatureWrapper)[pri:0, instance:com.automation.runners.TestRunner@2e385cce]" started-at="2022-06-23T14:22:23 EET" name="runScenario" description="Runs Cucumber Scenarios" data-provider="scenarios" finished-at="2022-06-23T14:23:53 EET" duration-ms="90589" status="PASS">
          <params>
            <param index="0">
              <value>
                <![CDATA["User can use "Follow us" with "youtube""]]>
              </value>
            </param>
            <param index="1">
              <value>
                <![CDATA["F02_login | users could use login functionality to open their accounts"]]>
              </value>
            </param>
          </params>
          <reporter-output>
          </reporter-output>
        </test-method> <!-- runScenario -->
        <test-method signature="runScenario(io.cucumber.testng.PickleWrapper,io.cucumber.testng.FeatureWrapper)[pri:0, instance:com.automation.runners.TestRunner@2e385cce]" started-at="2022-06-23T14:23:53 EET" name="runScenario" description="Runs Cucumber Scenarios" data-provider="scenarios" finished-at="2022-06-23T14:24:09 EET" duration-ms="16071" status="PASS">
          <params>
            <param index="0">
              <value>
                <![CDATA["Success message appear after user reset his/her password"]]>
              </value>
            </param>
            <param index="1">
              <value>
                <![CDATA["F03_resetPassword |User could reset his/her password successfully"]]>
              </value>
            </param>
          </params>
          <reporter-output>
          </reporter-output>
        </test-method> <!-- runScenario -->
        <test-method signature="runScenario(io.cucumber.testng.PickleWrapper,io.cucumber.testng.FeatureWrapper)[pri:0, instance:com.automation.runners.TestRunner@2e385cce]" started-at="2022-06-23T14:24:09 EET" name="runScenario" description="Runs Cucumber Scenarios" data-provider="scenarios" finished-at="2022-06-23T14:24:27 EET" duration-ms="17171" status="PASS">
          <params>
            <param index="0">
              <value>
                <![CDATA["user could search using SKU"]]>
              </value>
            </param>
            <param index="1">
              <value>
                <![CDATA["F04_search | Logged User could search for any product"]]>
              </value>
            </param>
          </params>
          <reporter-output>
          </reporter-output>
        </test-method> <!-- runScenario -->
        <test-method signature="runScenario(io.cucumber.testng.PickleWrapper,io.cucumber.testng.FeatureWrapper)[pri:0, instance:com.automation.runners.TestRunner@2e385cce]" started-at="2022-06-23T14:24:27 EET" name="runScenario" description="Runs Cucumber Scenarios" data-provider="scenarios" finished-at="2022-06-23T14:24:35 EET" duration-ms="8313" status="PASS">
          <params>
            <param index="0">
              <value>
                <![CDATA["user could search for product using full name"]]>
              </value>
            </param>
            <param index="1">
              <value>
                <![CDATA["F04_search | Logged User could search for any product"]]>
              </value>
            </param>
          </params>
          <reporter-output>
          </reporter-output>
        </test-method> <!-- runScenario -->
        <test-method signature="runScenario(io.cucumber.testng.PickleWrapper,io.cucumber.testng.FeatureWrapper)[pri:0, instance:com.automation.runners.TestRunner@2e385cce]" started-at="2022-06-23T14:24:35 EET" name="runScenario" description="Runs Cucumber Scenarios" data-provider="scenarios" finished-at="2022-06-23T14:24:41 EET" duration-ms="6158" status="PASS">
          <params>
            <param index="0">
              <value>
                <![CDATA["user could makes advanced search"]]>
              </value>
            </param>
            <param index="1">
              <value>
                <![CDATA["F04_search | Logged User could search for any product"]]>
              </value>
            </param>
          </params>
          <reporter-output>
          </reporter-output>
        </test-method> <!-- runScenario -->
        <test-method signature="runScenario(io.cucumber.testng.PickleWrapper,io.cucumber.testng.FeatureWrapper)[pri:0, instance:com.automation.runners.TestRunner@2e385cce]" started-at="2022-06-23T14:24:41 EET" name="runScenario" description="Runs Cucumber Scenarios" data-provider="scenarios" finished-at="2022-06-23T14:24:49 EET" duration-ms="7767" status="PASS">
          <params>
            <param index="0">
              <value>
                <![CDATA["add To Wishlist"]]>
              </value>
            </param>
            <param index="1">
              <value>
                <![CDATA["F05_addToWishlist | Logged user could add different products to Wishlist"]]>
              </value>
            </param>
          </params>
          <reporter-output>
          </reporter-output>
        </test-method> <!-- runScenario -->
        <test-method signature="runScenario(io.cucumber.testng.PickleWrapper,io.cucumber.testng.FeatureWrapper)[pri:0, instance:com.automation.runners.TestRunner@2e385cce]" started-at="2022-06-23T14:24:49 EET" name="runScenario" description="Runs Cucumber Scenarios" data-provider="scenarios" finished-at="2022-06-23T14:25:05 EET" duration-ms="16262" status="PASS">
          <params>
            <param index="0">
              <value>
                <![CDATA["user filter products with specific color"]]>
              </value>
            </param>
            <param index="1">
              <value>
                <![CDATA["F06_filterWithColor | Logged user could filter with color"]]>
              </value>
            </param>
          </params>
          <reporter-output>
          </reporter-output>
        </test-method> <!-- runScenario -->
        <test-method signature="runScenario(io.cucumber.testng.PickleWrapper,io.cucumber.testng.FeatureWrapper)[pri:0, instance:com.automation.runners.TestRunner@2e385cce]" started-at="2022-06-23T14:25:05 EET" name="runScenario" description="Runs Cucumber Scenarios" data-provider="scenarios" finished-at="2022-06-23T14:25:15 EET" duration-ms="10353" status="PASS">
          <params>
            <param index="0">
              <value>
                <![CDATA["Select random category then hover and open sub-Category"]]>
              </value>
            </param>
            <param index="1">
              <value>
                <![CDATA["F07_selectCategories | Logged user could select different Categories"]]>
              </value>
            </param>
          </params>
          <reporter-output>
          </reporter-output>
        </test-method> <!-- runScenario -->
        <test-method signature="runScenario(io.cucumber.testng.PickleWrapper,io.cucumber.testng.FeatureWrapper)[pri:0, instance:com.automation.runners.TestRunner@2e385cce]" started-at="2022-06-23T14:25:15 EET" name="runScenario" description="Runs Cucumber Scenarios" data-provider="scenarios" finished-at="2022-06-23T14:25:21 EET" duration-ms="5656" status="PASS">
          <params>
            <param index="0">
              <value>
                <![CDATA["User could switch between currencies US-Euro"]]>
              </value>
            </param>
            <param index="1">
              <value>
                <![CDATA["F08_switchCurrencies | Logged User could switch between currencies"]]>
              </value>
            </param>
          </params>
          <reporter-output>
          </reporter-output>
        </test-method> <!-- runScenario -->
        <test-method signature="runScenario(io.cucumber.testng.PickleWrapper,io.cucumber.testng.FeatureWrapper)[pri:0, instance:com.automation.runners.TestRunner@2e385cce]" started-at="2022-06-23T14:25:21 EET" name="runScenario" description="Runs Cucumber Scenarios" data-provider="scenarios" finished-at="2022-06-23T14:25:38 EET" duration-ms="17083" status="PASS">
          <params>
            <param index="0">
              <value>
                <![CDATA["user could select tags"]]>
              </value>
            </param>
            <param index="1">
              <value>
                <![CDATA["F09_selectTags | Logged user could select different tags"]]>
              </value>
            </param>
          </params>
          <reporter-output>
          </reporter-output>
        </test-method> <!-- runScenario -->
        <test-method signature="runScenario(io.cucumber.testng.PickleWrapper,io.cucumber.testng.FeatureWrapper)[pri:0, instance:com.automation.runners.TestRunner@2e385cce]" started-at="2022-06-23T14:25:38 EET" name="runScenario" description="Runs Cucumber Scenarios" data-provider="scenarios" finished-at="2022-06-23T14:25:47 EET" duration-ms="8465" status="PASS">
          <params>
            <param index="0">
              <value>
                <![CDATA["AddTo Compare List"]]>
              </value>
            </param>
            <param index="1">
              <value>
                <![CDATA["F10_AddToCompareList | Logged user could add different products to compare list"]]>
              </value>
            </param>
          </params>
          <reporter-output>
          </reporter-output>
        </test-method> <!-- runScenario -->
        <test-method signature="runScenario(io.cucumber.testng.PickleWrapper,io.cucumber.testng.FeatureWrapper)[pri:0, instance:com.automation.runners.TestRunner@2e385cce]" started-at="2022-06-23T14:25:47 EET" name="runScenario" description="Runs Cucumber Scenarios" data-provider="scenarios" finished-at="2022-06-23T14:25:52 EET" duration-ms="5852" status="PASS">
          <params>
            <param index="0">
              <value>
                <![CDATA["user add products to cart"]]>
              </value>
            </param>
            <param index="1">
              <value>
                <![CDATA["F11_addToCart | Logged user could add different products to Shopping cart"]]>
              </value>
            </param>
          </params>
          <reporter-output>
          </reporter-output>
        </test-method> <!-- runScenario -->
        <test-method signature="runScenario(io.cucumber.testng.PickleWrapper,io.cucumber.testng.FeatureWrapper)[pri:0, instance:com.automation.runners.TestRunner@2e385cce]" started-at="2022-06-23T14:25:52 EET" name="runScenario" description="Runs Cucumber Scenarios" data-provider="scenarios" finished-at="2022-06-23T14:26:06 EET" duration-ms="13863" status="PASS">
          <params>
            <param index="0">
              <value>
                <![CDATA["user edit shopping cart"]]>
              </value>
            </param>
            <param index="1">
              <value>
                <![CDATA["F11_addToCart | Logged user could add different products to Shopping cart"]]>
              </value>
            </param>
          </params>
          <reporter-output>
          </reporter-output>
        </test-method> <!-- runScenario -->
        <test-method signature="runScenario(io.cucumber.testng.PickleWrapper,io.cucumber.testng.FeatureWrapper)[pri:0, instance:com.automation.runners.TestRunner@2e385cce]" started-at="2022-06-23T14:26:06 EET" name="runScenario" description="Runs Cucumber Scenarios" data-provider="scenarios" finished-at="2022-06-23T14:26:38 EET" duration-ms="31513" status="PASS">
          <params>
            <param index="0">
              <value>
                <![CDATA["User can create order and it should be created successfully"]]>
              </value>
            </param>
            <param index="1">
              <value>
                <![CDATA["F_12 Create successful Order"]]>
              </value>
            </param>
          </params>
          <reporter-output>
          </reporter-output>
        </test-method> <!-- runScenario -->
        <test-method is-config="true" signature="tearDownClass()[pri:0, instance:com.automation.runners.TestRunner@2e385cce]" started-at="2022-06-23T14:26:38 EET" name="tearDownClass" finished-at="2022-06-23T14:26:41 EET" duration-ms="2649" status="PASS">
          <reporter-output>
          </reporter-output>
        </test-method> <!-- tearDownClass -->
      </class> <!-- com.automation.runners.TestRunner -->
    </test> <!-- Default test -->
  </suite> <!-- Default suite -->
</testng-results>
